<?xml version="1.0" encoding="UTF-8"?>
<testng-results skipped="0" failed="0" total="1" passed="1">
  <reporter-output>
  </reporter-output>
  <suite name="Suite" duration-ms="24783" started-at="2019-04-26T05:37:28Z" finished-at="2019-04-26T05:37:53Z">
    <groups>
    </groups>
    <test name="Test" duration-ms="24783" started-at="2019-04-26T05:37:28Z" finished-at="2019-04-26T05:37:53Z">
      <class name="demo.Demo1">
        <test-method status="PASS" signature="m1()[pri:0, instance:demo.Demo1@735b478]" name="m1" duration-ms="24737" started-at="2019-04-26T11:07:28Z" finished-at="2019-04-26T11:07:53Z">
          <reporter-output>
          </reporter-output>
        </test-method> <!-- m1 -->
      </class> <!-- demo.Demo1 -->
    </test> <!-- Test -->
  </suite> <!-- Suite -->
</testng-results>
